<?xml version="1.0" encoding="UTF-8"?>
<!-- Generated by org.testng.reporters.JUnitReportReporter -->
<testsuite hostname="honor" failures="0" tests="1" name="testRunner.TestNGRunner" time="0.130" errors="0" timestamp="2024-07-27T15:02:12 GMT-04:00" skipped="0">
  <testcase classname="testRunner.TestNGRunner" name="runScenario" time="0.130"/>
</testsuite> <!-- testRunner.TestNGRunner -->
